c:\users\dpthf\documents\visual studio 2017\projects\20170911네트워크1\20170911네트워크1\debug\vc141.pdb
c:\users\dpthf\documents\visual studio 2017\projects\20170911네트워크1\20170911네트워크1\debug\vc141.idb
c:\users\dpthf\documents\visual studio 2017\projects\20170911네트워크1\20170911네트워크1\debug\소스.obj
c:\users\dpthf\documents\visual studio 2017\projects\20170911네트워크1\20170911네트워크1\debug\실습2-2.obj
c:\users\dpthf\documents\visual studio 2017\projects\20170911네트워크1\20170911네트워크1\debug\실습2-1.obj
c:\users\dpthf\documents\visual studio 2017\projects\20170911네트워크1\20170911네트워크1\debug\실습3-1.obj
d:\네트워크게임프로그래밍\2018예시\실습\20170911네트워크1\debug\vc141.pdb
d:\네트워크게임프로그래밍\2018예시\실습\20170911네트워크1\debug\vc141.idb
d:\네트워크게임프로그래밍\2018예시\실습\20170911네트워크1\debug\실습2-1.obj
d:\네트워크게임프로그래밍\2018예시\실습\20170911네트워크1\debug\실습2-2.obj
d:\네트워크게임프로그래밍\2018예시\실습\20170911네트워크1\debug\실습3-1.obj
d:\네트워크게임프로그래밍\2018예시\실습\20170911네트워크1\debug\연습3-1.obj
c:\users\dpthf\documents\visual studio 2017\projects\20170911네트워크1\debug\20170911네트워크1.exe
c:\users\dpthf\documents\visual studio 2017\projects\20170911네트워크1\debug\20170911네트워크1.ilk
c:\users\dpthf\documents\visual studio 2017\projects\20170911네트워크1\debug\20170911네트워크1.pdb
d:\네트워크게임프로그래밍\2018예시\실습\debug\20170911네트워크1.exe
d:\네트워크게임프로그래밍\2018예시\실습\debug\20170911네트워크1.ilk
d:\네트워크게임프로그래밍\2018예시\실습\debug\20170911네트워크1.pdb
d:\네트워크게임프로그래밍\2018예시\실습\20170911네트워크1\debug\소스.obj
d:\네트워크게임프로그래밍\2018예시\실습\20170911네트워크1\debug\20170911네트워크1.tlog\cl.command.1.tlog
d:\네트워크게임프로그래밍\2018예시\실습\20170911네트워크1\debug\20170911네트워크1.tlog\cl.read.1.tlog
d:\네트워크게임프로그래밍\2018예시\실습\20170911네트워크1\debug\20170911네트워크1.tlog\cl.write.1.tlog
d:\네트워크게임프로그래밍\2018예시\실습\20170911네트워크1\debug\20170911네트워크1.tlog\link.command.1.tlog
d:\네트워크게임프로그래밍\2018예시\실습\20170911네트워크1\debug\20170911네트워크1.tlog\link.read.1.tlog
d:\네트워크게임프로그래밍\2018예시\실습\20170911네트워크1\debug\20170911네트워크1.tlog\link.write.1.tlog
